Started GET "/" for ::1 at 2021-06-23 21:31:50 +0300
  [1m[35m (1.4ms)[0m  [1m[34mSELECT sqlite_version(*)[0m
Processing by Rails::WelcomeController#index as HTML
  Rendering /home/madroling/.rbenv/versions/3.0.0/lib/ruby/gems/3.0.0/gems/railties-6.1.3.2/lib/rails/templates/rails/welcome/index.html.erb
  Rendered /home/madroling/.rbenv/versions/3.0.0/lib/ruby/gems/3.0.0/gems/railties-6.1.3.2/lib/rails/templates/rails/welcome/index.html.erb (Duration: 5.5ms | Allocations: 522)
Completed 200 OK in 32ms (Views: 14.7ms | ActiveRecord: 0.0ms | Allocations: 4178)


Started GET "/" for ::1 at 2021-06-23 21:36:22 +0300
Processing by PostsController#home as HTML
  Rendering layout layouts/application.html.erb
  Rendering posts/home.html.erb within layouts/application
  Rendered posts/home.html.erb within layouts/application (Duration: 1.6ms | Allocations: 122)
[Webpacker] Compiling...
[Webpacker] Compiled all packs in /home/madroling/ruby_lab/sample_app/public/packs
[Webpacker] Though the "loose" option was set to "false" in your @babel/preset-env config, it will not be used for @babel/plugin-proposal-private-methods since the "loose" mode option was set to "true" for @babel/plugin-proposal-class-properties.
The "loose" option must be the same for @babel/plugin-proposal-class-properties, @babel/plugin-proposal-private-methods and @babel/plugin-proposal-private-property-in-object (when they are enabled): you can silence this warning by explicitly adding
	["@babel/plugin-proposal-private-methods", { "loose": true }]
to the "plugins" section of your Babel config.
Though the "loose" option was set to "false" in your @babel/preset-env config, it will not be used for @babel/plugin-proposal-private-methods since the "loose" mode option was set to "true" for @babel/plugin-proposal-class-properties.
The "loose" option must be the same for @babel/plugin-proposal-class-properties, @babel/plugin-proposal-private-methods and @babel/plugin-proposal-private-property-in-object (when they are enabled): you can silence this warning by explicitly adding
	["@babel/plugin-proposal-private-methods", { "loose": true }]
to the "plugins" section of your Babel config.
Though the "loose" option was set to "false" in your @babel/preset-env config, it will not be used for @babel/plugin-proposal-private-methods since the "loose" mode option was set to "true" for @babel/plugin-proposal-class-properties.
The "loose" option must be the same for @babel/plugin-proposal-class-properties, @babel/plugin-proposal-private-methods and @babel/plugin-proposal-private-property-in-object (when they are enabled): you can silence this warning by explicitly adding
	["@babel/plugin-proposal-private-methods", { "loose": true }]
to the "plugins" section of your Babel config.
Though the "loose" option was set to "false" in your @babel/preset-env config, it will not be used for @babel/plugin-proposal-private-methods since the "loose" mode option was set to "true" for @babel/plugin-proposal-class-properties.
The "loose" option must be the same for @babel/plugin-proposal-class-properties, @babel/plugin-proposal-private-methods and @babel/plugin-proposal-private-property-in-object (when they are enabled): you can silence this warning by explicitly adding
	["@babel/plugin-proposal-private-methods", { "loose": true }]
to the "plugins" section of your Babel config.
Though the "loose" option was set to "false" in your @babel/preset-env config, it will not be used for @babel/plugin-proposal-private-methods since the "loose" mode option was set to "true" for @babel/plugin-proposal-class-properties.
The "loose" option must be the same for @babel/plugin-proposal-class-properties, @babel/plugin-proposal-private-methods and @babel/plugin-proposal-private-property-in-object (when they are enabled): you can silence this warning by explicitly adding
	["@babel/plugin-proposal-private-methods", { "loose": true }]
to the "plugins" section of your Babel config.
Though the "loose" option was set to "false" in your @babel/preset-env config, it will not be used for @babel/plugin-proposal-private-methods since the "loose" mode option was set to "true" for @babel/plugin-proposal-class-properties.
The "loose" option must be the same for @babel/plugin-proposal-class-properties, @babel/plugin-proposal-private-methods and @babel/plugin-proposal-private-property-in-object (when they are enabled): you can silence this warning by explicitly adding
	["@babel/plugin-proposal-private-methods", { "loose": true }]
to the "plugins" section of your Babel config.

[Webpacker] Hash: e332c6419728fac579d5
Version: webpack 4.46.0
Time: 2003ms
Built at: 06/23/2021 9:36:26 PM
                                     Asset       Size       Chunks                         Chunk Names
    js/application-f826770d917d8a37c1d8.js    125 KiB  application  [emitted] [immutable]  application
js/application-f826770d917d8a37c1d8.js.map    139 KiB  application  [emitted] [dev]        application
                             manifest.json  364 bytes               [emitted]              
Entrypoint application = js/application-f826770d917d8a37c1d8.js js/application-f826770d917d8a37c1d8.js.map
[./app/javascript/channels sync recursive _channel\.js$] ./app/javascript/channels sync _channel\.js$ 160 bytes {application} [built]
[./app/javascript/channels/index.js] 211 bytes {application} [built]
[./app/javascript/packs/application.js] 492 bytes {application} [built]
[./node_modules/webpack/buildin/module.js] (webpack)/buildin/module.js 552 bytes {application} [built]
    + 3 hidden modules

  Rendered layout layouts/application.html.erb (Duration: 3922.5ms | Allocations: 14159)
Completed 200 OK in 3929ms (Views: 3927.7ms | Allocations: 15396)


Started GET "/" for ::1 at 2021-06-23 21:50:26 +0300
Processing by PostsController#home as HTML
  Rendering layout layouts/application.html.erb
  Rendering posts/home.html.erb within layouts/application
  Rendered posts/home.html.erb within layouts/application (Duration: 0.1ms | Allocations: 37)
[Webpacker] Everything's up-to-date. Nothing to do
  Rendered layout layouts/application.html.erb (Duration: 13.8ms | Allocations: 2892)
Completed 200 OK in 17ms (Views: 14.2ms | Allocations: 3366)


Started GET "/" for ::1 at 2021-06-23 22:47:29 +0300
Processing by StaticPagesController#home as HTML
  Rendering layout layouts/application.html.erb
  Rendering static_pages/home.html.erb within layouts/application
  Rendered static_pages/home.html.erb within layouts/application (Duration: 0.5ms | Allocations: 124)
[Webpacker] Everything's up-to-date. Nothing to do
  Rendered layout layouts/application.html.erb (Duration: 27.3ms | Allocations: 11084)
Completed 200 OK in 29ms (Views: 28.4ms | Allocations: 12319)


Started GET "/help" for ::1 at 2021-06-23 22:47:47 +0300
  
ActionController::RoutingError (No route matches [GET] "/help"):
  
Started GET "/help" for ::1 at 2021-06-23 22:48:39 +0300
  
ActionController::RoutingError (No route matches [GET] "/help"):
  
Started GET "/" for ::1 at 2021-06-23 22:48:41 +0300
Processing by StaticPagesController#home as HTML
  Rendering layout layouts/application.html.erb
  Rendering static_pages/home.html.erb within layouts/application
  Rendered static_pages/home.html.erb within layouts/application (Duration: 0.3ms | Allocations: 37)
[Webpacker] Everything's up-to-date. Nothing to do
  Rendered layout layouts/application.html.erb (Duration: 6.2ms | Allocations: 2936)
Completed 200 OK in 9ms (Views: 7.1ms | Allocations: 3375)


Started GET "/" for ::1 at 2021-06-23 22:48:42 +0300
Processing by StaticPagesController#home as HTML
  Rendering layout layouts/application.html.erb
  Rendering static_pages/home.html.erb within layouts/application
  Rendered static_pages/home.html.erb within layouts/application (Duration: 0.1ms | Allocations: 37)
[Webpacker] Everything's up-to-date. Nothing to do
  Rendered layout layouts/application.html.erb (Duration: 6.9ms | Allocations: 2926)
Completed 200 OK in 9ms (Views: 8.1ms | Allocations: 3365)


Started GET "/help" for ::1 at 2021-06-23 22:48:54 +0300
  
ArgumentError (Missing :controller key on routes definition, please check your routes.):
  
config/routes.rb:4:in `block in <main>'
config/routes.rb:1:in `<main>'
Started GET "/help" for ::1 at 2021-06-23 22:48:55 +0300
  
ActionController::RoutingError (No route matches [GET] "/help"):
  
Started GET "/" for ::1 at 2021-06-23 22:48:58 +0300
  
ActionController::RoutingError (No route matches [GET] "/"):
  
Started GET "/" for ::1 at 2021-06-23 22:49:03 +0300
  
ActionController::RoutingError (No route matches [GET] "/"):
  
Started GET "/" for ::1 at 2021-06-23 22:49:04 +0300
  
ActionController::RoutingError (No route matches [GET] "/"):
  
Started GET "/" for ::1 at 2021-06-23 22:49:13 +0300
  
ActionController::RoutingError (No route matches [GET] "/"):
  
Started GET "/" for ::1 at 2021-06-23 22:49:19 +0300
Processing by StaticPagesController#home as HTML
  Rendering layout layouts/application.html.erb
  Rendering static_pages/home.html.erb within layouts/application
  Rendered static_pages/home.html.erb within layouts/application (Duration: 0.1ms | Allocations: 39)
[Webpacker] Everything's up-to-date. Nothing to do
  Rendered layout layouts/application.html.erb (Duration: 7.7ms | Allocations: 3004)
Completed 200 OK in 10ms (Views: 9.4ms | Allocations: 3630)


Started GET "/" for ::1 at 2021-06-23 22:50:01 +0300
Processing by StaticPagesController#home as HTML
  Rendering layout layouts/application.html.erb
  Rendering static_pages/home.html.erb within layouts/application
  Rendered static_pages/home.html.erb within layouts/application (Duration: 0.1ms | Allocations: 39)
[Webpacker] Everything's up-to-date. Nothing to do
  Rendered layout layouts/application.html.erb (Duration: 3.3ms | Allocations: 2973)
Completed 200 OK in 5ms (Views: 4.4ms | Allocations: 3598)


Started GET "/" for ::1 at 2021-06-23 22:50:01 +0300
Processing by StaticPagesController#home as HTML
  Rendering layout layouts/application.html.erb
  Rendering static_pages/home.html.erb within layouts/application
  Rendered static_pages/home.html.erb within layouts/application (Duration: 0.5ms | Allocations: 37)
[Webpacker] Everything's up-to-date. Nothing to do
  Rendered layout layouts/application.html.erb (Duration: 10.4ms | Allocations: 2926)
Completed 200 OK in 12ms (Views: 11.1ms | Allocations: 3364)


Started GET "/home" for ::1 at 2021-06-23 22:50:07 +0300
  
ActionController::RoutingError (No route matches [GET] "/home"):
  
Started GET "/help" for ::1 at 2021-06-23 22:50:11 +0300
  
ActionController::RoutingError (No route matches [GET] "/help"):
  
Started GET "/" for ::1 at 2021-06-23 22:50:19 +0300
Processing by StaticPagesController#home as HTML
  Rendering layout layouts/application.html.erb
  Rendering static_pages/home.html.erb within layouts/application
  Rendered static_pages/home.html.erb within layouts/application (Duration: 0.2ms | Allocations: 37)
[Webpacker] Everything's up-to-date. Nothing to do
  Rendered layout layouts/application.html.erb (Duration: 12.6ms | Allocations: 2935)
Completed 200 OK in 15ms (Views: 13.7ms | Allocations: 3375)


Started GET "/" for ::1 at 2021-06-23 22:50:55 +0300
Processing by StaticPagesController#home as HTML
  Rendering layout layouts/application.html.erb
  Rendering static_pages/home.html.erb within layouts/application
  Rendered static_pages/home.html.erb within layouts/application (Duration: 0.1ms | Allocations: 39)
[Webpacker] Everything's up-to-date. Nothing to do
  Rendered layout layouts/application.html.erb (Duration: 2.9ms | Allocations: 2962)
Completed 200 OK in 4ms (Views: 3.4ms | Allocations: 3587)


Started GET "/tada" for ::1 at 2021-06-23 22:51:00 +0300
  
ActionController::RoutingError (No route matches [GET] "/tada"):
  
Started GET "/tada" for ::1 at 2021-06-23 22:51:13 +0300
  
ActionController::RoutingError (No route matches [GET] "/tada"):
  
Started GET "/tada" for ::1 at 2021-06-23 22:51:14 +0300
  
ActionController::RoutingError (No route matches [GET] "/tada"):
  
Started GET "/tada" for ::1 at 2021-06-23 22:52:54 +0300
  
ActionController::RoutingError (No route matches [GET] "/tada"):
  
Started GET "/help" for ::1 at 2021-06-23 22:53:02 +0300
  
ActionController::RoutingError (No route matches [GET] "/help"):
  
Started GET "/help" for ::1 at 2021-06-23 22:53:03 +0300
  
ActionController::RoutingError (No route matches [GET] "/help"):
  
Started GET "/help" for ::1 at 2021-06-23 22:53:14 +0300
  
ActionController::RoutingError (No route matches [GET] "/help"):
  
Started GET "/help" for ::1 at 2021-06-23 22:53:15 +0300
  
ActionController::RoutingError (No route matches [GET] "/help"):
  
Started GET "/help" for ::1 at 2021-06-23 22:53:15 +0300
  
ActionController::RoutingError (No route matches [GET] "/help"):
  
Started GET "/help" for ::1 at 2021-06-23 22:53:42 +0300
  
ActionController::RoutingError (No route matches [GET] "/help"):
  
Started GET "/" for ::1 at 2021-06-23 22:53:44 +0300
Processing by StaticPagesController#home as HTML
  Rendering layout layouts/application.html.erb
  Rendering static_pages/home.html.erb within layouts/application
  Rendered static_pages/home.html.erb within layouts/application (Duration: 0.6ms | Allocations: 121)
[Webpacker] Everything's up-to-date. Nothing to do
  Rendered layout layouts/application.html.erb (Duration: 9.4ms | Allocations: 3207)
Completed 200 OK in 14ms (Views: 12.2ms | Allocations: 4356)


Started GET "/" for ::1 at 2021-06-23 22:53:45 +0300
Processing by StaticPagesController#home as HTML
  Rendering layout layouts/application.html.erb
  Rendering static_pages/home.html.erb within layouts/application
  Rendered static_pages/home.html.erb within layouts/application (Duration: 0.2ms | Allocations: 37)
[Webpacker] Everything's up-to-date. Nothing to do
  Rendered layout layouts/application.html.erb (Duration: 5.2ms | Allocations: 2924)
Completed 200 OK in 7ms (Views: 5.9ms | Allocations: 3364)


Started GET "/" for ::1 at 2021-06-23 22:53:47 +0300
Processing by StaticPagesController#home as HTML
  Rendering layout layouts/application.html.erb
  Rendering static_pages/home.html.erb within layouts/application
  Rendered static_pages/home.html.erb within layouts/application (Duration: 0.4ms | Allocations: 37)
[Webpacker] Everything's up-to-date. Nothing to do
  Rendered layout layouts/application.html.erb (Duration: 15.5ms | Allocations: 2915)
Completed 200 OK in 19ms (Views: 16.9ms | Allocations: 3354)


Started GET "/" for ::1 at 2021-06-23 22:54:05 +0300
Processing by StaticPagesController#home as HTML
  Rendering layout layouts/application.html.erb
  Rendering static_pages/home.html.erb within layouts/application
  Rendered static_pages/home.html.erb within layouts/application (Duration: 0.1ms | Allocations: 39)
[Webpacker] Everything's up-to-date. Nothing to do
  Rendered layout layouts/application.html.erb (Duration: 3.5ms | Allocations: 2994)
Completed 200 OK in 5ms (Views: 4.1ms | Allocations: 3618)


Started GET "/" for ::1 at 2021-06-23 22:54:06 +0300
Processing by StaticPagesController#home as HTML
  Rendering layout layouts/application.html.erb
  Rendering static_pages/home.html.erb within layouts/application
  Rendered static_pages/home.html.erb within layouts/application (Duration: 0.3ms | Allocations: 37)
[Webpacker] Everything's up-to-date. Nothing to do
  Rendered layout layouts/application.html.erb (Duration: 14.9ms | Allocations: 2926)
Completed 200 OK in 18ms (Views: 16.3ms | Allocations: 3364)


Started GET "/help" for ::1 at 2021-06-23 22:54:11 +0300
  
ActionController::RoutingError (No route matches [GET] "/help"):
  
Started GET "/" for ::1 at 2021-06-23 22:54:14 +0300
Processing by StaticPagesController#home as HTML
  Rendering layout layouts/application.html.erb
  Rendering static_pages/home.html.erb within layouts/application
  Rendered static_pages/home.html.erb within layouts/application (Duration: 0.1ms | Allocations: 37)
[Webpacker] Everything's up-to-date. Nothing to do
  Rendered layout layouts/application.html.erb (Duration: 3.3ms | Allocations: 2935)
Completed 200 OK in 4ms (Views: 3.7ms | Allocations: 3375)


Started GET "/home" for ::1 at 2021-06-23 22:54:19 +0300
  
ActionController::RoutingError (No route matches [GET] "/home"):
  
Started GET "/help" for ::1 at 2021-06-23 22:54:30 +0300
  
ActionController::RoutingError (No route matches [GET] "/help"):
  
Started GET "/" for ::1 at 2021-06-23 22:54:32 +0300
Processing by StaticPagesController#home as HTML
  Rendering layout layouts/application.html.erb
  Rendering static_pages/home.html.erb within layouts/application
  Rendered static_pages/home.html.erb within layouts/application (Duration: 1.1ms | Allocations: 37)
[Webpacker] Everything's up-to-date. Nothing to do
  Rendered layout layouts/application.html.erb (Duration: 12.9ms | Allocations: 2935)
Completed 200 OK in 16ms (Views: 14.1ms | Allocations: 3374)


Started GET "/" for ::1 at 2021-06-23 22:55:40 +0300
Processing by StaticPagesController#home as HTML
  Rendering layout layouts/application.html.erb
  Rendering static_pages/home.html.erb within layouts/application
  Rendered static_pages/home.html.erb within layouts/application (Duration: 0.3ms | Allocations: 124)
[Webpacker] Everything's up-to-date. Nothing to do
  Rendered layout layouts/application.html.erb (Duration: 4.1ms | Allocations: 3240)
Completed 200 OK in 6ms (Views: 4.9ms | Allocations: 4476)


Started GET "/helping" for ::1 at 2021-06-23 22:55:46 +0300
  
ActionController::RoutingError (No route matches [GET] "/helping"):
  
Started GET "/helping" for ::1 at 2021-06-23 22:56:09 +0300
  
ActionController::RoutingError (No route matches [GET] "/helping"):
  
Started GET "/helping" for ::1 at 2021-06-23 22:56:09 +0300
  
ActionController::RoutingError (No route matches [GET] "/helping"):
  
Started GET "/helping" for ::1 at 2021-06-23 22:56:10 +0300
  
ActionController::RoutingError (No route matches [GET] "/helping"):
  
Started GET "/helping" for ::1 at 2021-06-23 22:56:11 +0300
  
ActionController::RoutingError (No route matches [GET] "/helping"):
  
Started GET "/helping" for ::1 at 2021-06-23 22:56:11 +0300
  
ActionController::RoutingError (No route matches [GET] "/helping"):
  
Started GET "/helping" for ::1 at 2021-06-23 22:56:11 +0300
  
ActionController::RoutingError (No route matches [GET] "/helping"):
  
Started GET "/helping" for ::1 at 2021-06-23 22:56:11 +0300
  
ActionController::RoutingError (No route matches [GET] "/helping"):
  
Started GET "/helping" for ::1 at 2021-06-23 22:56:12 +0300
  
ActionController::RoutingError (No route matches [GET] "/helping"):
  
Started GET "/helping" for ::1 at 2021-06-23 22:58:03 +0300
  
ActionController::RoutingError (No route matches [GET] "/helping"):
  
Started GET "/help" for ::1 at 2021-06-23 22:58:07 +0300
  
ActionController::RoutingError (No route matches [GET] "/help"):
  
Started GET "/help" for ::1 at 2021-06-23 22:58:08 +0300
  
ActionController::RoutingError (No route matches [GET] "/help"):
  
Started GET "/" for ::1 at 2021-06-23 22:58:12 +0300
Processing by PostsController#home as HTML
Completed 406 Not Acceptable in 3ms (Allocations: 1942)


  
ActionController::MissingExactTemplate (PostsController#home is missing a template for request formats: text/html):
  
actionpack (6.1.3.2) lib/action_controller/metal/implicit_render.rb:45:in `default_render'
actionpack (6.1.3.2) lib/action_controller/metal/basic_implicit_render.rb:6:in `block in send_action'
<internal:kernel>:90:in `tap'
actionpack (6.1.3.2) lib/action_controller/metal/basic_implicit_render.rb:6:in `send_action'
actionpack (6.1.3.2) lib/abstract_controller/base.rb:228:in `process_action'
actionpack (6.1.3.2) lib/action_controller/metal/rendering.rb:30:in `process_action'
actionpack (6.1.3.2) lib/abstract_controller/callbacks.rb:42:in `block in process_action'
activesupport (6.1.3.2) lib/active_support/callbacks.rb:117:in `block in run_callbacks'
actiontext (6.1.3.2) lib/action_text/rendering.rb:20:in `with_renderer'
actiontext (6.1.3.2) lib/action_text/engine.rb:55:in `block (4 levels) in <class:Engine>'
activesupport (6.1.3.2) lib/active_support/callbacks.rb:126:in `instance_exec'
activesupport (6.1.3.2) lib/active_support/callbacks.rb:126:in `block in run_callbacks'
activesupport (6.1.3.2) lib/active_support/callbacks.rb:137:in `run_callbacks'
actionpack (6.1.3.2) lib/abstract_controller/callbacks.rb:41:in `process_action'
actionpack (6.1.3.2) lib/action_controller/metal/rescue.rb:22:in `process_action'
actionpack (6.1.3.2) lib/action_controller/metal/instrumentation.rb:34:in `block in process_action'
activesupport (6.1.3.2) lib/active_support/notifications.rb:203:in `block in instrument'
activesupport (6.1.3.2) lib/active_support/notifications/instrumenter.rb:24:in `instrument'
activesupport (6.1.3.2) lib/active_support/notifications.rb:203:in `instrument'
actionpack (6.1.3.2) lib/action_controller/metal/instrumentation.rb:33:in `process_action'
actionpack (6.1.3.2) lib/action_controller/metal/params_wrapper.rb:249:in `process_action'
activerecord (6.1.3.2) lib/active_record/railties/controller_runtime.rb:27:in `process_action'
actionpack (6.1.3.2) lib/abstract_controller/base.rb:165:in `process'
actionview (6.1.3.2) lib/action_view/rendering.rb:39:in `process'
actionpack (6.1.3.2) lib/action_controller/metal.rb:190:in `dispatch'
actionpack (6.1.3.2) lib/action_controller/metal.rb:254:in `dispatch'
actionpack (6.1.3.2) lib/action_dispatch/routing/route_set.rb:50:in `dispatch'
actionpack (6.1.3.2) lib/action_dispatch/routing/route_set.rb:33:in `serve'
actionpack (6.1.3.2) lib/action_dispatch/journey/router.rb:50:in `block in serve'
actionpack (6.1.3.2) lib/action_dispatch/journey/router.rb:32:in `each'
actionpack (6.1.3.2) lib/action_dispatch/journey/router.rb:32:in `serve'
actionpack (6.1.3.2) lib/action_dispatch/routing/route_set.rb:842:in `call'
rack (2.2.3) lib/rack/tempfile_reaper.rb:15:in `call'
rack (2.2.3) lib/rack/etag.rb:27:in `call'
rack (2.2.3) lib/rack/conditional_get.rb:27:in `call'
rack (2.2.3) lib/rack/head.rb:12:in `call'
actionpack (6.1.3.2) lib/action_dispatch/http/permissions_policy.rb:22:in `call'
actionpack (6.1.3.2) lib/action_dispatch/http/content_security_policy.rb:18:in `call'
rack (2.2.3) lib/rack/session/abstract/id.rb:266:in `context'
rack (2.2.3) lib/rack/session/abstract/id.rb:260:in `call'
actionpack (6.1.3.2) lib/action_dispatch/middleware/cookies.rb:689:in `call'
activerecord (6.1.3.2) lib/active_record/migration.rb:601:in `call'
actionpack (6.1.3.2) lib/action_dispatch/middleware/callbacks.rb:27:in `block in call'
activesupport (6.1.3.2) lib/active_support/callbacks.rb:98:in `run_callbacks'
actionpack (6.1.3.2) lib/action_dispatch/middleware/callbacks.rb:26:in `call'
actionpack (6.1.3.2) lib/action_dispatch/middleware/executor.rb:14:in `call'
actionpack (6.1.3.2) lib/action_dispatch/middleware/actionable_exceptions.rb:18:in `call'
actionpack (6.1.3.2) lib/action_dispatch/middleware/debug_exceptions.rb:29:in `call'
web-console (4.1.0) lib/web_console/middleware.rb:132:in `call_app'
web-console (4.1.0) lib/web_console/middleware.rb:28:in `block in call'
web-console (4.1.0) lib/web_console/middleware.rb:17:in `catch'
web-console (4.1.0) lib/web_console/middleware.rb:17:in `call'
actionpack (6.1.3.2) lib/action_dispatch/middleware/show_exceptions.rb:33:in `call'
railties (6.1.3.2) lib/rails/rack/logger.rb:37:in `call_app'
railties (6.1.3.2) lib/rails/rack/logger.rb:26:in `block in call'
activesupport (6.1.3.2) lib/active_support/tagged_logging.rb:99:in `block in tagged'
activesupport (6.1.3.2) lib/active_support/tagged_logging.rb:37:in `tagged'
activesupport (6.1.3.2) lib/active_support/tagged_logging.rb:99:in `tagged'
railties (6.1.3.2) lib/rails/rack/logger.rb:26:in `call'
sprockets-rails (3.2.2) lib/sprockets/rails/quiet_assets.rb:13:in `call'
actionpack (6.1.3.2) lib/action_dispatch/middleware/remote_ip.rb:81:in `call'
actionpack (6.1.3.2) lib/action_dispatch/middleware/request_id.rb:26:in `call'
rack (2.2.3) lib/rack/method_override.rb:24:in `call'
rack (2.2.3) lib/rack/runtime.rb:22:in `call'
activesupport (6.1.3.2) lib/active_support/cache/strategy/local_cache_middleware.rb:29:in `call'
actionpack (6.1.3.2) lib/action_dispatch/middleware/executor.rb:14:in `call'
actionpack (6.1.3.2) lib/action_dispatch/middleware/static.rb:24:in `call'
rack (2.2.3) lib/rack/sendfile.rb:110:in `call'
actionpack (6.1.3.2) lib/action_dispatch/middleware/host_authorization.rb:98:in `call'
rack-mini-profiler (2.3.2) lib/mini_profiler/profiler.rb:384:in `call'
webpacker (5.4.0) lib/webpacker/dev_server_proxy.rb:25:in `perform_request'
rack-proxy (0.7.0) lib/rack/proxy.rb:63:in `call'
railties (6.1.3.2) lib/rails/engine.rb:539:in `call'
puma (5.3.2) lib/puma/configuration.rb:249:in `call'
puma (5.3.2) lib/puma/request.rb:77:in `block in handle_request'
puma (5.3.2) lib/puma/thread_pool.rb:338:in `with_force_shutdown'
puma (5.3.2) lib/puma/request.rb:76:in `handle_request'
puma (5.3.2) lib/puma/server.rb:438:in `process_client'
puma (5.3.2) lib/puma/thread_pool.rb:145:in `block in spawn_thread'
Started GET "/" for ::1 at 2021-06-23 22:59:22 +0300
Processing by PostsController#home as HTML
  Rendering layout layouts/application.html.erb
  Rendering posts/home.html.erb within layouts/application
  Rendered posts/home.html.erb within layouts/application (Duration: 0.8ms | Allocations: 118)
[Webpacker] Everything's up-to-date. Nothing to do
  Rendered layout layouts/application.html.erb (Duration: 19.4ms | Allocations: 3771)
Completed 200 OK in 26ms (Views: 23.4ms | Allocations: 4983)


Started GET "/help" for ::1 at 2021-06-23 22:59:32 +0300
  
ActionController::RoutingError (No route matches [GET] "/help"):
  
Started GET "/help" for ::1 at 2021-06-23 23:00:05 +0300
  
ActionController::RoutingError (No route matches [GET] "/help"):
  
Started GET "/help" for ::1 at 2021-06-23 23:00:05 +0300
  
ActionController::RoutingError (No route matches [GET] "/help"):
  
Started GET "/help" for ::1 at 2021-06-23 23:02:17 +0300
  
ActionController::RoutingError (No route matches [GET] "/help"):
  
Started GET "/help" for ::1 at 2021-06-23 23:02:49 +0300
  
ActionController::RoutingError (No route matches [GET] "/help"):
  
Started GET "/help" for ::1 at 2021-06-23 23:02:50 +0300
  
ActionController::RoutingError (No route matches [GET] "/help"):
  
Started GET "/help" for ::1 at 2021-06-23 23:03:33 +0300
  
ActionController::RoutingError (No route matches [GET] "/help"):
  
Started GET "/help" for ::1 at 2021-06-23 23:03:33 +0300
  
ActionController::RoutingError (No route matches [GET] "/help"):
  
Started GET "/help" for ::1 at 2021-06-23 23:03:43 +0300
  
ActionController::RoutingError (No route matches [GET] "/help"):
  
Started GET "/help" for ::1 at 2021-06-24 23:14:05 +0300
  [1m[35m (0.6ms)[0m  [1m[34mSELECT sqlite_version(*)[0m
  
ActionController::RoutingError (No route matches [GET] "/help"):
  
Started GET "/help" for ::1 at 2021-06-24 23:14:08 +0300
  
ActionController::RoutingError (No route matches [GET] "/help"):
  
Started GET "/help" for ::1 at 2021-06-24 23:14:09 +0300
  
ActionController::RoutingError (No route matches [GET] "/help"):
  
Started GET "/" for ::1 at 2021-06-24 23:14:12 +0300
Processing by PostsController#home as HTML
  Rendering layout layouts/application.html.erb
  Rendering posts/home.html.erb within layouts/application
  Rendered posts/home.html.erb within layouts/application (Duration: 0.5ms | Allocations: 118)
[Webpacker] Everything's up-to-date. Nothing to do
  Rendered layout layouts/application.html.erb (Duration: 57.1ms | Allocations: 17447)
Completed 200 OK in 66ms (Views: 59.5ms | ActiveRecord: 0.0ms | Allocations: 19770)


Started GET "/" for ::1 at 2021-06-24 23:14:14 +0300
Processing by PostsController#home as HTML
  Rendering layout layouts/application.html.erb
  Rendering posts/home.html.erb within layouts/application
  Rendered posts/home.html.erb within layouts/application (Duration: 0.0ms | Allocations: 37)
[Webpacker] Everything's up-to-date. Nothing to do
  Rendered layout layouts/application.html.erb (Duration: 4.4ms | Allocations: 2931)
Completed 200 OK in 6ms (Views: 5.1ms | ActiveRecord: 0.0ms | Allocations: 3378)


Started GET "/" for ::1 at 2021-06-24 23:17:46 +0300
Processing by PostsController#home as HTML
  Rendering layout layouts/application.html.erb
  Rendering posts/home.html.erb within layouts/application
  Rendered posts/home.html.erb within layouts/application (Duration: 0.1ms | Allocations: 37)
[Webpacker] Everything's up-to-date. Nothing to do
  Rendered layout layouts/application.html.erb (Duration: 9.3ms | Allocations: 2939)
Completed 200 OK in 12ms (Views: 10.0ms | ActiveRecord: 0.0ms | Allocations: 3381)


Started GET "/" for ::1 at 2021-06-24 23:23:30 +0300
Processing by PostsController#home as HTML
  Rendering layout layouts/application.html.erb
  Rendering posts/home.html.erb within layouts/application
  Rendered posts/home.html.erb within layouts/application (Duration: 1.0ms | Allocations: 120)
[Webpacker] Everything's up-to-date. Nothing to do
  Rendered layout layouts/application.html.erb (Duration: 17.9ms | Allocations: 3250)
Completed 200 OK in 26ms (Views: 22.2ms | Allocations: 4457)


Started GET "/help" for ::1 at 2021-06-24 23:23:39 +0300
  
ActionController::RoutingError (No route matches [GET] "/help"):
  
Started GET "/" for ::1 at 2021-06-24 23:23:47 +0300
Processing by PostsController#home as HTML
  Rendering layout layouts/application.html.erb
  Rendering posts/home.html.erb within layouts/application
  Rendered posts/home.html.erb within layouts/application (Duration: 0.2ms | Allocations: 37)
[Webpacker] Everything's up-to-date. Nothing to do
  Rendered layout layouts/application.html.erb (Duration: 13.4ms | Allocations: 2930)
Completed 200 OK in 18ms (Views: 15.9ms | Allocations: 3369)


Started GET "/" for ::1 at 2021-06-24 23:27:55 +0300
Processing by PostsController#home as HTML
  Rendering layout layouts/application.html.erb
  Rendering posts/home.html.erb within layouts/application
  Rendered posts/home.html.erb within layouts/application (Duration: 0.1ms | Allocations: 39)
[Webpacker] Everything's up-to-date. Nothing to do
  Rendered layout layouts/application.html.erb (Duration: 5.5ms | Allocations: 2985)
Completed 200 OK in 8ms (Views: 6.7ms | Allocations: 3610)


Started GET "/help" for ::1 at 2021-06-24 23:28:01 +0300
Processing by PageController#help as HTML
  Rendering layout layouts/application.html.erb
  Rendering page/help.html.erb within layouts/application
  Rendered page/help.html.erb within layouts/application (Duration: 0.5ms | Allocations: 117)
[Webpacker] Everything's up-to-date. Nothing to do
  Rendered layout layouts/application.html.erb (Duration: 5.5ms | Allocations: 3076)
Completed 200 OK in 11ms (Views: 8.1ms | Allocations: 4082)


Started GET "/" for ::1 at 2021-06-24 23:37:09 +0300
Processing by PostsController#home as HTML
  Rendering layout layouts/application.html.erb
  Rendering posts/home.html.erb within layouts/application
  Rendered posts/home.html.erb within layouts/application (Duration: 0.2ms | Allocations: 37)
[Webpacker] Everything's up-to-date. Nothing to do
  Rendered layout layouts/application.html.erb (Duration: 16.8ms | Allocations: 2930)
Completed 200 OK in 23ms (Views: 17.8ms | Allocations: 3369)


Started GET "/" for ::1 at 2021-06-25 12:37:46 +0300
Processing by PostsController#home as HTML
  Rendering layout layouts/application.html.erb
  Rendering posts/home.html.erb within layouts/application
  Rendered posts/home.html.erb within layouts/application (Duration: 10.6ms | Allocations: 37)
[Webpacker] Everything's up-to-date. Nothing to do
  Rendered layout layouts/application.html.erb (Duration: 103.9ms | Allocations: 2939)
Completed 200 OK in 174ms (Views: 122.8ms | Allocations: 3379)


Started GET "/" for ::1 at 2021-06-25 13:04:43 +0300
Processing by PostsController#home_del as HTML
  Rendering layout layouts/application.html.erb
  Rendering posts/home_del.html.erb within layouts/application
  Rendered posts/home_del.html.erb within layouts/application (Duration: 2.2ms | Allocations: 122)
[Webpacker] Everything's up-to-date. Nothing to do
  Rendered layout layouts/application.html.erb (Duration: 12.0ms | Allocations: 3240)
Completed 200 OK in 22ms (Views: 17.1ms | Allocations: 4476)


Started GET "/" for ::1 at 2021-06-25 13:04:45 +0300
Processing by PostsController#home_del as HTML
  Rendering layout layouts/application.html.erb
  Rendering posts/home_del.html.erb within layouts/application
  Rendered posts/home_del.html.erb within layouts/application (Duration: 0.2ms | Allocations: 37)
[Webpacker] Everything's up-to-date. Nothing to do
  Rendered layout layouts/application.html.erb (Duration: 20.8ms | Allocations: 2929)
Completed 200 OK in 24ms (Views: 22.1ms | Allocations: 3367)


Started GET "/" for ::1 at 2021-06-25 13:05:08 +0300
Processing by PostsController#home_del as HTML
  Rendering layout layouts/application.html.erb
  Rendering posts/home_del.html.erb within layouts/application
  Rendered posts/home_del.html.erb within layouts/application (Duration: 0.1ms | Allocations: 37)
[Webpacker] Everything's up-to-date. Nothing to do
  Rendered layout layouts/application.html.erb (Duration: 7.1ms | Allocations: 2929)
Completed 200 OK in 10ms (Views: 9.4ms | Allocations: 3367)


Started GET "/" for ::1 at 2021-06-25 13:05:09 +0300
Processing by PostsController#home_del as HTML
  Rendering layout layouts/application.html.erb
  Rendering posts/home_del.html.erb within layouts/application
  Rendered posts/home_del.html.erb within layouts/application (Duration: 0.2ms | Allocations: 37)
[Webpacker] Everything's up-to-date. Nothing to do
  Rendered layout layouts/application.html.erb (Duration: 15.4ms | Allocations: 2929)
Completed 200 OK in 18ms (Views: 16.8ms | Allocations: 3367)


Started GET "/" for ::1 at 2021-06-25 13:05:09 +0300
Processing by PostsController#home_del as HTML
  Rendering layout layouts/application.html.erb
  Rendering posts/home_del.html.erb within layouts/application
  Rendered posts/home_del.html.erb within layouts/application (Duration: 0.3ms | Allocations: 37)
[Webpacker] Everything's up-to-date. Nothing to do
  Rendered layout layouts/application.html.erb (Duration: 14.5ms | Allocations: 2929)
Completed 200 OK in 18ms (Views: 15.7ms | Allocations: 3367)


Started GET "/" for ::1 at 2021-06-25 13:05:10 +0300
Processing by PostsController#home_del as HTML
  Rendering layout layouts/application.html.erb
  Rendering posts/home_del.html.erb within layouts/application
  Rendered posts/home_del.html.erb within layouts/application (Duration: 0.2ms | Allocations: 37)
[Webpacker] Everything's up-to-date. Nothing to do
  Rendered layout layouts/application.html.erb (Duration: 10.0ms | Allocations: 2929)
Completed 200 OK in 12ms (Views: 11.2ms | Allocations: 3367)


Started GET "/" for ::1 at 2021-06-25 13:05:11 +0300
Processing by PostsController#home_del as HTML
  Rendering layout layouts/application.html.erb
  Rendering posts/home_del.html.erb within layouts/application
  Rendered posts/home_del.html.erb within layouts/application (Duration: 0.2ms | Allocations: 37)
[Webpacker] Everything's up-to-date. Nothing to do
  Rendered layout layouts/application.html.erb (Duration: 14.6ms | Allocations: 2929)
Completed 200 OK in 17ms (Views: 16.1ms | Allocations: 3367)


Started GET "/home" for ::1 at 2021-06-25 13:05:16 +0300
Processing by PageController#home as HTML
  Rendering layout layouts/application.html.erb
  Rendering page/home.html.erb within layouts/application
  Rendered page/home.html.erb within layouts/application (Duration: 0.7ms | Allocations: 117)
[Webpacker] Everything's up-to-date. Nothing to do
  Rendered layout layouts/application.html.erb (Duration: 7.2ms | Allocations: 3037)
Completed 200 OK in 11ms (Views: 9.1ms | Allocations: 4041)


Started GET "/" for ::1 at 2021-06-25 13:05:18 +0300
Processing by PostsController#home_del as HTML
  Rendering layout layouts/application.html.erb
  Rendering posts/home_del.html.erb within layouts/application
  Rendered posts/home_del.html.erb within layouts/application (Duration: 0.1ms | Allocations: 37)
[Webpacker] Everything's up-to-date. Nothing to do
  Rendered layout layouts/application.html.erb (Duration: 4.9ms | Allocations: 2929)
Completed 200 OK in 6ms (Views: 5.4ms | Allocations: 3369)


Started GET "/about" for ::1 at 2021-06-25 13:24:42 +0300
Processing by PageController#about as HTML
  Rendering layout layouts/application.html.erb
  Rendering page/about.html.erb within layouts/application
  Rendered page/about.html.erb within layouts/application (Duration: 0.5ms | Allocations: 121)
[Webpacker] Everything's up-to-date. Nothing to do
  Rendered layout layouts/application.html.erb (Duration: 10.3ms | Allocations: 3239)
Completed 200 OK in 13ms (Views: 11.7ms | Allocations: 4475)


Started GET "/about" for ::1 at 2021-06-25 13:24:47 +0300
Processing by PageController#about as HTML
  Rendering layout layouts/application.html.erb
  Rendering page/about.html.erb within layouts/application
  Rendered page/about.html.erb within layouts/application (Duration: 0.2ms | Allocations: 37)
[Webpacker] Everything's up-to-date. Nothing to do
  Rendered layout layouts/application.html.erb (Duration: 15.0ms | Allocations: 2934)
Completed 200 OK in 18ms (Views: 16.3ms | Allocations: 3372)


Started GET "/home" for ::1 at 2021-06-25 13:51:26 +0300
Processing by PageController#home as HTML
  Rendering layout layouts/application.html.erb
  Rendering page/home.html.erb within layouts/application
  Rendered page/home.html.erb within layouts/application (Duration: 2.3ms | Allocations: 160)
[Webpacker] Everything's up-to-date. Nothing to do
  Rendered layout layouts/application.html.erb (Duration: 8.1ms | Allocations: 3291)
Completed 200 OK in 13ms (Views: 10.3ms | Allocations: 4495)


Started GET "/home" for ::1 at 2021-06-25 13:51:29 +0300
Processing by PageController#home as HTML
  Rendering layout layouts/application.html.erb
  Rendering page/home.html.erb within layouts/application
  Rendered page/home.html.erb within layouts/application (Duration: 0.4ms | Allocations: 43)
[Webpacker] Everything's up-to-date. Nothing to do
  Rendered layout layouts/application.html.erb (Duration: 14.2ms | Allocations: 2935)
Completed 200 OK in 18ms (Views: 16.3ms | Allocations: 3374)


Started GET "/home" for ::1 at 2021-06-25 13:51:30 +0300
Processing by PageController#home as HTML
  Rendering layout layouts/application.html.erb
  Rendering page/home.html.erb within layouts/application
  Rendered page/home.html.erb within layouts/application (Duration: 0.1ms | Allocations: 43)
[Webpacker] Everything's up-to-date. Nothing to do
  Rendered layout layouts/application.html.erb (Duration: 4.1ms | Allocations: 2935)
Completed 200 OK in 5ms (Views: 4.5ms | Allocations: 3373)


Started GET "/home" for ::1 at 2021-06-25 13:58:34 +0300
  
ActionController::RoutingError (No route matches [GET] "/home"):
  
Started GET "/" for ::1 at 2021-06-25 13:58:38 +0300
Processing by PageController#home as HTML
  Rendering layout layouts/application.html.erb
  Rendering page/home.html.erb within layouts/application
  Rendered page/home.html.erb within layouts/application (Duration: 1.2ms | Allocations: 129)
[Webpacker] Everything's up-to-date. Nothing to do
  Rendered layout layouts/application.html.erb (Duration: 10.8ms | Allocations: 3267)
Completed 200 OK in 17ms (Views: 15.1ms | Allocations: 4501)


Started GET "/" for ::1 at 2021-06-25 16:20:24 +0300
  [1m[35m (0.5ms)[0m  [1m[34mSELECT sqlite_version(*)[0m
Processing by PageController#home as HTML
  Rendering layout layouts/application.html.erb
  Rendering page/home.html.erb within layouts/application
  Rendered page/home.html.erb within layouts/application (Duration: 0.9ms | Allocations: 325)
[Webpacker] Everything's up-to-date. Nothing to do
  Rendered layout layouts/application.html.erb (Duration: 14.4ms | Allocations: 6086)
Completed 200 OK in 22ms (Views: 17.0ms | ActiveRecord: 0.0ms | Allocations: 9256)


Started GET "/" for ::1 at 2021-06-25 16:20:25 +0300
Processing by PageController#home as HTML
  Rendering layout layouts/application.html.erb
  Rendering page/home.html.erb within layouts/application
  Rendered page/home.html.erb within layouts/application (Duration: 0.1ms | Allocations: 40)
[Webpacker] Everything's up-to-date. Nothing to do
  Rendered layout layouts/application.html.erb (Duration: 3.3ms | Allocations: 2934)
Completed 200 OK in 5ms (Views: 3.7ms | ActiveRecord: 0.0ms | Allocations: 3384)


Started GET "/" for ::1 at 2021-06-25 16:20:33 +0300
Processing by PageController#home as HTML
  Rendering layout layouts/application.html.erb
  Rendering page/home.html.erb within layouts/application
  Rendered page/home.html.erb within layouts/application (Duration: 0.5ms | Allocations: 40)
[Webpacker] Everything's up-to-date. Nothing to do
  Rendered layout layouts/application.html.erb (Duration: 15.1ms | Allocations: 2934)
Completed 200 OK in 21ms (Views: 15.9ms | ActiveRecord: 0.0ms | Allocations: 3380)


Started GET "/" for ::1 at 2021-06-25 16:20:34 +0300
Processing by PageController#home as HTML
  Rendering layout layouts/application.html.erb
  Rendering page/home.html.erb within layouts/application
  Rendered page/home.html.erb within layouts/application (Duration: 0.1ms | Allocations: 40)
[Webpacker] Everything's up-to-date. Nothing to do
  Rendered layout layouts/application.html.erb (Duration: 3.7ms | Allocations: 2947)
Completed 200 OK in 5ms (Views: 4.1ms | ActiveRecord: 0.0ms | Allocations: 3395)


Started GET "/" for ::1 at 2021-06-25 16:20:35 +0300
Processing by PageController#home as HTML
  Rendering layout layouts/application.html.erb
  Rendering page/home.html.erb within layouts/application
  Rendered page/home.html.erb within layouts/application (Duration: 0.1ms | Allocations: 40)
[Webpacker] Everything's up-to-date. Nothing to do
  Rendered layout layouts/application.html.erb (Duration: 10.8ms | Allocations: 2934)
Completed 200 OK in 12ms (Views: 11.2ms | ActiveRecord: 0.0ms | Allocations: 3380)


Started GET "/" for ::1 at 2021-06-25 16:22:28 +0300
Processing by PageController#home as HTML
  Rendering layout layouts/application.html.erb
  Rendering page/home.html.erb within layouts/application
  Rendered page/home.html.erb within layouts/application (Duration: 0.9ms | Allocations: 40)
[Webpacker] Everything's up-to-date. Nothing to do
  Rendered layout layouts/application.html.erb (Duration: 14.2ms | Allocations: 2945)
Completed 200 OK in 17ms (Views: 15.4ms | ActiveRecord: 0.0ms | Allocations: 3388)


Started GET "/" for ::1 at 2021-06-26 12:30:15 +0300
Processing by PostsController#home as HTML
  Rendering layout layouts/application.html.erb
  Rendering posts/home.html.erb within layouts/application
  Rendered posts/home.html.erb within layouts/application (Duration: 42.6ms | Allocations: 123)
[Webpacker] Everything's up-to-date. Nothing to do
  Rendered layout layouts/application.html.erb (Duration: 128.0ms | Allocations: 4248)
Completed 200 OK in 177ms (Views: 149.4ms | Allocations: 5485)


Started GET "/" for ::1 at 2021-06-26 13:35:30 +0300
Processing by PostsController#home as HTML
  Rendering layout layouts/application.html.erb
  Rendering posts/home.html.erb within layouts/application
  Rendered posts/home.html.erb within layouts/application (Duration: 0.3ms | Allocations: 37)
[Webpacker] Everything's up-to-date. Nothing to do
  Rendered layout layouts/application.html.erb (Duration: 15.2ms | Allocations: 2876)
Completed 200 OK in 22ms (Views: 16.8ms | Allocations: 3314)


